<?xml version="1.0" encoding="UTF-8"?>
<testsuite name="com.utfpr.casacerta_api.CasacertaApiApplicationTests" tests="1" skipped="0" failures="0" errors="0" timestamp="2026-04-25T20:50:24.202Z" hostname="G15DAVI" time="4.57">
  <properties/>
  <testcase name="contextLoads()" classname="com.utfpr.casacerta_api.CasacertaApiApplicationTests" time="0.351"/>
  <system-out><![CDATA[17:50:24.344 [Test worker] INFO org.springframework.test.context.support.AnnotationConfigContextLoaderUtils -- Could not detect default configuration classes for test class [com.utfpr.casacerta_api.CasacertaApiApplicationTests]: CasacertaApiApplicationTests does not declare any static, non-private, non-final, nested classes annotated with @Configuration.
17:50:24.422 [Test worker] INFO org.springframework.boot.test.context.SpringBootTestContextBootstrapper -- Found @SpringBootConfiguration com.utfpr.casacerta_api.CasacertaApiApplication for test class com.utfpr.casacerta_api.CasacertaApiApplicationTests
17:50:24.489 [Test worker] INFO org.springframework.test.context.support.AnnotationConfigContextLoaderUtils -- Could not detect default configuration classes for test class [com.utfpr.casacerta_api.CasacertaApiApplicationTests]: CasacertaApiApplicationTests does not declare any static, non-private, non-final, nested classes annotated with @Configuration.
17:50:24.490 [Test worker] INFO org.springframework.boot.test.context.SpringBootTestContextBootstrapper -- Found @SpringBootConfiguration com.utfpr.casacerta_api.CasacertaApiApplication for test class com.utfpr.casacerta_api.CasacertaApiApplicationTests

  .   ____          _            __ _ _
 /\\ / ___'_ __ _ _(_)_ __  __ _ \ \ \ \
( ( )\___ | '_ | '_| | '_ \/ _` | \ \ \ \
 \\/  ___)| |_)| | | | | || (_| |  ) ) ) )
  '  |____| .__|_| |_|_| |_\__, | / / / /
 =========|_|==============|___/=/_/_/_/

 :: Spring Boot ::                (v4.0.6)

2026-04-25T17:50:24.771-03:00  INFO 26020 --- [casacerta-api] [    Test worker] c.u.c.CasacertaApiApplicationTests       : Starting CasacertaApiApplicationTests using Java 17.0.18 with PID 26020 (started by lemed in C:\Users\lemed\Documents\Certificadora\casacerta-api)
2026-04-25T17:50:24.773-03:00  INFO 26020 --- [casacerta-api] [    Test worker] c.u.c.CasacertaApiApplicationTests       : No active profile set, falling back to 1 default profile: "default"
2026-04-25T17:50:25.425-03:00  INFO 26020 --- [casacerta-api] [    Test worker] .s.d.r.c.RepositoryConfigurationDelegate : Bootstrapping Spring Data JPA repositories in DEFAULT mode.
2026-04-25T17:50:25.477-03:00  INFO 26020 --- [casacerta-api] [    Test worker] .s.d.r.c.RepositoryConfigurationDelegate : Finished Spring Data repository scanning in 42 ms. Found 1 JPA repository interface.
2026-04-25T17:50:25.881-03:00  INFO 26020 --- [casacerta-api] [    Test worker] org.hibernate.orm.jpa                    : HHH008540: Processing PersistenceUnitInfo [name: default]
2026-04-25T17:50:25.930-03:00  INFO 26020 --- [casacerta-api] [    Test worker] org.hibernate.orm.core                   : HHH000001: Hibernate ORM core version 7.2.12.Final
2026-04-25T17:50:26.326-03:00  INFO 26020 --- [casacerta-api] [    Test worker] o.s.o.j.p.SpringPersistenceUnitInfo      : No LoadTimeWeaver setup: ignoring JPA class transformer
2026-04-25T17:50:26.351-03:00  INFO 26020 --- [casacerta-api] [    Test worker] com.zaxxer.hikari.HikariDataSource       : HikariPool-1 - Starting...
2026-04-25T17:50:26.661-03:00  INFO 26020 --- [casacerta-api] [    Test worker] com.zaxxer.hikari.pool.HikariPool        : HikariPool-1 - Added connection com.mysql.cj.jdbc.ConnectionImpl@48697181
2026-04-25T17:50:26.663-03:00  INFO 26020 --- [casacerta-api] [    Test worker] com.zaxxer.hikari.HikariDataSource       : HikariPool-1 - Start completed.
2026-04-25T17:50:26.710-03:00  WARN 26020 --- [casacerta-api] [    Test worker] org.hibernate.orm.deprecation            : HHH90000025: MySQLDialect does not need to be specified explicitly using 'hibernate.dialect' (remove the property setting and it will be selected by default)
2026-04-25T17:50:26.726-03:00  INFO 26020 --- [casacerta-api] [    Test worker] org.hibernate.orm.connections.pooling    : HHH10001005: Database info:
	Database JDBC URL [jdbc:mysql://localhost:3306/casacerta]
	Database driver: MySQL Connector/J
	Database dialect: MySQLDialect
	Database version: 9.7
	Default catalog/schema: casacerta/undefined
	Autocommit mode: undefined/unknown
	Isolation level: REPEATABLE_READ [default REPEATABLE_READ]
	JDBC fetch size: none
	Pool: DataSourceConnectionProvider
	Minimum pool size: undefined/unknown
	Maximum pool size: undefined/unknown
2026-04-25T17:50:27.379-03:00  INFO 26020 --- [casacerta-api] [    Test worker] org.hibernate.orm.core                   : HHH000489: No JTA platform available (set 'hibernate.transaction.jta.platform' to enable JTA platform integration)
Hibernate: 
    create table users (
        id bigint not null auto_increment,
        down_payment float(53) not null,
        email varchar(255) not null,
        monthly_income float(53) not null,
        name varchar(100) not null,
        primary key (id)
    ) engine=InnoDB
Hibernate: 
    alter table users 
       drop index UK6dotkott2kjsp8vw4d0m25fb7
Hibernate: 
    alter table users 
       add constraint UK6dotkott2kjsp8vw4d0m25fb7 unique (email)
2026-04-25T17:50:27.508-03:00  INFO 26020 --- [casacerta-api] [    Test worker] j.LocalContainerEntityManagerFactoryBean : Initialized JPA EntityManagerFactory for persistence unit 'default'
2026-04-25T17:50:27.573-03:00  INFO 26020 --- [casacerta-api] [    Test worker] o.s.d.j.r.query.QueryEnhancerFactories   : Hibernate is in classpath; If applicable, HQL parser will be used.
2026-04-25T17:50:27.773-03:00  WARN 26020 --- [casacerta-api] [    Test worker] JpaBaseConfiguration$JpaWebConfiguration : spring.jpa.open-in-view is enabled by default. Therefore, database queries may be performed during view rendering. Explicitly configure spring.jpa.open-in-view to disable this warning
2026-04-25T17:50:28.311-03:00  INFO 26020 --- [casacerta-api] [    Test worker] o.s.b.a.e.web.EndpointLinksResolver      : Exposing 1 endpoint beneath base path '/actuator'
2026-04-25T17:50:28.366-03:00  INFO 26020 --- [casacerta-api] [    Test worker] c.u.c.CasacertaApiApplicationTests       : Started CasacertaApiApplicationTests in 3.828 seconds (process running for 4.853)
]]></system-out>
  <system-err><![CDATA[]]></system-err>
</testsuite>
